1612754434522	geckodriver	INFO	Listening on 127.0.0.1:33029
1612754434532	mozrunner::runner	INFO	Running command: "/usr/bin/firefox" "--marionette" "-foreground" "-no-remote" "-profile" "/tmp/rust_mozprofilewjRmJR"
console.warn: SearchSettings: "get: No settings file exists, new profile?" (new Error("", "(unknown module)"))
console.warn: SearchSettings: "get: No settings file exists, new profile?" (new Error("", "(unknown module)"))
1612754436935	Marionette	INFO	Listening on port 36303
1612754436972	Marionette	WARN	TLS certificate errors will be ignored for this session
1612754436983	Marionette	ERROR	[18] No reply from Marionette:Register
1612754449393	geckodriver	INFO	Listening on 127.0.0.1:40733
1612754449394	mozrunner::runner	INFO	Running command: "/usr/bin/firefox" "--marionette" "-foreground" "-no-remote" "-profile" "/tmp/rust_mozprofilecOMbMf"
console.warn: SearchSettings: "get: No settings file exists, new profile?" (new Error("", "(unknown module)"))
console.warn: SearchSettings: "get: No settings file exists, new profile?" (new Error("", "(unknown module)"))
1612754451102	Marionette	INFO	Listening on port 35871
1612754451241	Marionette	WARN	TLS certificate errors will be ignored for this session
1612754451250	Marionette	ERROR	[15] No reply from Marionette:Register
1612754461100	Marionette	INFO	Stopped listening on port 36303
1612754461921	Marionette	INFO	Stopped listening on port 35871
1612754464370	geckodriver	INFO	Listening on 127.0.0.1:46381
1612754464372	mozrunner::runner	INFO	Running command: "/usr/bin/firefox" "--marionette" "-foreground" "-no-remote" "-profile" "/tmp/rust_mozprofileTAzcn7"
console.warn: SearchSettings: "get: No settings file exists, new profile?" (new Error("", "(unknown module)"))
console.warn: SearchSettings: "get: No settings file exists, new profile?" (new Error("", "(unknown module)"))
1612754466152	Marionette	INFO	Listening on port 40183
1612754466191	Marionette	WARN	TLS certificate errors will be ignored for this session
1612754466200	Marionette	ERROR	[15] No reply from Marionette:Register
1612754494940	geckodriver	INFO	Listening on 127.0.0.1:47477
1612754494942	mozrunner::runner	INFO	Running command: "/usr/bin/firefox" "--marionette" "-foreground" "-no-remote" "-profile" "/tmp/rust_mozprofileUSu60W"
console.warn: SearchSettings: "get: No settings file exists, new profile?" (new Error("", "(unknown module)"))
console.warn: SearchSettings: "get: No settings file exists, new profile?" (new Error("", "(unknown module)"))
1612754496669	Marionette	INFO	Listening on port 36313
1612754496766	Marionette	WARN	TLS certificate errors will be ignored for this session
1612754496774	Marionette	ERROR	[18] No reply from Marionette:Register
1612754499044	Marionette	ERROR	[35] No reply from Marionette:Register
1612754500500	Marionette	ERROR	[35] No reply from Marionette:Register
1612754501018	Marionette	ERROR	[37] No reply from Marionette:Register
1612754502438	Marionette	ERROR	[37] No reply from Marionette:Register
1612754503065	Marionette	ERROR	[39] No reply from Marionette:Register
1612754503247	Marionette	ERROR	[41] No reply from Marionette:Register
1612754504451	Marionette	INFO	Stopped listening on port 40183
1612754504998	Marionette	INFO	Stopped listening on port 36313
1612754635287	geckodriver	INFO	Listening on 127.0.0.1:57443
1612754635289	mozrunner::runner	INFO	Running command: "/usr/bin/firefox" "--marionette" "-foreground" "-no-remote" "-profile" "/tmp/rust_mozprofile79Bh78"
console.warn: SearchSettings: "get: No settings file exists, new profile?" (new Error("", "(unknown module)"))
console.warn: SearchSettings: "get: No settings file exists, new profile?" (new Error("", "(unknown module)"))
1612754637005	Marionette	INFO	Listening on port 37503
1612754637108	Marionette	WARN	TLS certificate errors will be ignored for this session
1612754637117	Marionette	ERROR	[15] No reply from Marionette:Register
1612754640516	Marionette	INFO	Stopped listening on port 37503
1612754728995	geckodriver	INFO	Listening on 127.0.0.1:59167
1612754728999	mozrunner::runner	INFO	Running command: "/usr/bin/firefox" "--marionette" "-foreground" "-no-remote" "-profile" "/tmp/rust_mozprofile7x6Bym"
console.warn: SearchSettings: "get: No settings file exists, new profile?" (new Error("", "(unknown module)"))
console.warn: SearchSettings: "get: No settings file exists, new profile?" (new Error("", "(unknown module)"))
1612754730635	Marionette	INFO	Listening on port 40509
1612754730715	Marionette	WARN	TLS certificate errors will be ignored for this session
1612754730726	Marionette	ERROR	[15] No reply from Marionette:Register
1612754733757	Marionette	INFO	Stopped listening on port 40509
